生成启动时间为 2019/3/10 19:21:46。
     1>项目“C:\Users\Administrator\Desktop\project\Mp3Player\Mp3Player\Mp3Player.vcxproj”在节点 2 上(build 个目标)。
     1>InitializeBuildStatus:
         正在创建“Debug\Mp3Player.unsuccessfulbuild”，因为已指定“AlwaysCreate”。
       ClCompile:
         d:\vs2010_path\VC\bin\CL.exe /c /ZI /nologo /W3 /WX- /Od /Oy- /D WIN32 /D _WINDOWS /D _DEBUG /D _UNICODE /D UNICODE /D _AFXDLL /Gm /EHsc /RTC1 /MDd /GS /fp:precise /Zc:wchar_t /Zc:forScope /Yc"StdAfx.h" /Fp"Debug\Mp3Player.pch" /Fo"Debug\\" /Fd"Debug\vc100.pdb" /Gd /TP /analyze- /errorReport:prompt stdafx.cpp
         stdafx.cpp
         d:\vs2010_path\VC\bin\CL.exe /c /ZI /nologo /W3 /WX- /Od /Oy- /D WIN32 /D _WINDOWS /D _DEBUG /D _UNICODE /D UNICODE /D _AFXDLL /Gm /EHsc /RTC1 /MDd /GS /fp:precise /Zc:wchar_t /Zc:forScope /Yu"StdAfx.h" /Fp"Debug\Mp3Player.pch" /Fo"Debug\\" /Fd"Debug\vc100.pdb" /Gd /TP /analyze- /errorReport:prompt Mp3Player.cpp Mp3PlayerDlg.cpp
         Mp3PlayerDlg.cpp
     1>c:\users\administrator\desktop\project\mp3player\mp3player\mp3playerdlg.cpp(445): warning C4800: “BOOL”: 将值强制为布尔值“true”或“false”(性能警告)
     1>c:\users\administrator\desktop\project\mp3player\mp3player\mp3playerdlg.cpp(449): warning C4800: “BOOL”: 将值强制为布尔值“true”或“false”(性能警告)
         Mp3Player.cpp
         正在生成代码...
       ResourceCompile:
         C:\Program Files (x86)\Microsoft SDKs\Windows\v7.0A\bin\rc.exe /D _DEBUG /D _UNICODE /D UNICODE /D _AFXDLL /l"0x0804" /IDebug\ /nologo /fo"Debug\Mp3Player.res" Mp3Player.rc 
       ManifestResourceCompile:
         C:\Program Files (x86)\Microsoft SDKs\Windows\v7.0A\bin\rc.exe /nologo /fo"Debug\Mp3Player.exe.embed.manifest.res" Debug\Mp3Player_manifest.rc 
       Link:
         d:\vs2010_path\VC\bin\link.exe /ERRORREPORT:PROMPT /OUT:"C:\Users\Administrator\Desktop\project\Mp3Player\Debug\Mp3Player.exe" /INCREMENTAL /NOLOGO /MANIFEST /ManifestFile:"Debug\Mp3Player.exe.intermediate.manifest" /MANIFESTUAC:"level='asInvoker' uiAccess='false'" /DEBUG /PDB:"C:\Users\Administrator\Desktop\project\Mp3Player\Debug\Mp3Player.pdb" /SUBSYSTEM:WINDOWS /TLBID:1 /ENTRY:"wWinMainCRTStartup" /DYNAMICBASE /NXCOMPAT /IMPLIB:"C:\Users\Administrator\Desktop\project\Mp3Player\Debug\Mp3Player.lib" /MACHINE:X86 Debug\Mp3Player.res
         Debug\Mp3Player.exe.embed.manifest.res
         Debug\Mp3Player.obj
         Debug\Mp3PlayerDlg.obj
         Debug\stdafx.obj
       Manifest:
         正在删除文件“Debug\Mp3Player.exe.embed.manifest”。
         C:\Program Files (x86)\Microsoft SDKs\Windows\v7.0A\bin\mt.exe /nologo /verbose /out:"Debug\Mp3Player.exe.embed.manifest" /manifest Debug\Mp3Player.exe.intermediate.manifest d:\vs2010_path\VC\Include\Manifest\dpiaware.manifest
         C:\Program Files (x86)\Microsoft SDKs\Windows\v7.0A\bin\rc.exe /nologo /fo"Debug\Mp3Player.exe.embed.manifest.res" Debug\Mp3Player_manifest.rc 
       LinkEmbedManifest:
         d:\vs2010_path\VC\bin\link.exe /ERRORREPORT:PROMPT /OUT:"C:\Users\Administrator\Desktop\project\Mp3Player\Debug\Mp3Player.exe" /INCREMENTAL /NOLOGO /MANIFEST /ManifestFile:"Debug\Mp3Player.exe.intermediate.manifest" /MANIFESTUAC:"level='asInvoker' uiAccess='false'" /DEBUG /PDB:"C:\Users\Administrator\Desktop\project\Mp3Player\Debug\Mp3Player.pdb" /SUBSYSTEM:WINDOWS /TLBID:1 /ENTRY:"wWinMainCRTStartup" /DYNAMICBASE /NXCOMPAT /IMPLIB:"C:\Users\Administrator\Desktop\project\Mp3Player\Debug\Mp3Player.lib" /MACHINE:X86 Debug\Mp3Player.res
         Debug\Mp3Player.exe.embed.manifest.res
         Debug\Mp3Player.obj
         Debug\Mp3PlayerDlg.obj
         Debug\stdafx.obj
         Mp3Player.vcxproj -> C:\Users\Administrator\Desktop\project\Mp3Player\Debug\Mp3Player.exe
       FinalizeBuildStatus:
         正在删除文件“Debug\Mp3Player.unsuccessfulbuild”。
         正在对“Debug\Mp3Player.lastbuildstate”执行 Touch 任务。
     1>已完成生成项目“C:\Users\Administrator\Desktop\project\Mp3Player\Mp3Player\Mp3Player.vcxproj”(build 个目标)的操作。

生成成功。

已用时间 00:00:18.53
